0 info it worked if it ends with ok
1 verbose cli [ '/usr/bin/nodejs',
1 verbose cli   '/usr/bin/npm',
1 verbose cli   'install',
1 verbose cli   'uglifyjs',
1 verbose cli   '--global' ]
2 info using npm@2.15.11
3 info using node@v4.7.2
4 verbose install initial load of /usr/lib/package.json
5 verbose readDependencies loading dependencies from /usr/lib/package.json
6 silly cache add args [ 'uglifyjs', null ]
7 verbose cache add spec uglifyjs
8 silly cache add parsed spec Result {
8 silly cache add   raw: 'uglifyjs',
8 silly cache add   scope: null,
8 silly cache add   name: 'uglifyjs',
8 silly cache add   rawSpec: '',
8 silly cache add   spec: 'latest',
8 silly cache add   type: 'tag' }
9 silly addNamed uglifyjs@latest
10 verbose addNamed "latest" is being treated as a dist-tag for uglifyjs
11 info addNameTag [ 'uglifyjs', 'latest' ]
12 silly mapToRegistry name uglifyjs
13 silly mapToRegistry using default registry
14 silly mapToRegistry registry https://registry.npmjs.org/
15 silly mapToRegistry data Result {
15 silly mapToRegistry   raw: 'uglifyjs',
15 silly mapToRegistry   scope: null,
15 silly mapToRegistry   name: 'uglifyjs',
15 silly mapToRegistry   rawSpec: '',
15 silly mapToRegistry   spec: 'latest',
15 silly mapToRegistry   type: 'tag' }
16 silly mapToRegistry uri https://registry.npmjs.org/uglifyjs
17 verbose addNameTag registry:https://registry.npmjs.org/uglifyjs not in flight; fetching
18 verbose request uri https://registry.npmjs.org/uglifyjs
19 verbose request no auth needed
20 info attempt registry request try #1 at 7:10:02 PM
21 verbose request using bearer token for auth
22 verbose request id 54faa3aa967b33b5
23 verbose etag "96WV46Q50T0LUALLNG8EOR4KC"
24 http request GET https://registry.npmjs.org/uglifyjs
25 http 200 https://registry.npmjs.org/uglifyjs
26 verbose headers { server: 'nginx/1.10.1',
26 verbose headers   'content-type': 'application/json',
26 verbose headers   'last-modified': 'Sat, 17 Dec 2016 12:56:30 GMT',
26 verbose headers   etag: 'W/"585535fe-78a3"',
26 verbose headers   'content-encoding': 'gzip',
26 verbose headers   'cache-control': 'max-age=300',
26 verbose headers   'transfer-encoding': 'chunked',
26 verbose headers   'accept-ranges': 'bytes',
26 verbose headers   date: 'Mon, 16 Jan 2017 19:10:03 GMT',
26 verbose headers   via: '1.1 varnish',
26 verbose headers   connection: 'keep-alive',
26 verbose headers   'x-served-by': 'cache-hhn1524-HHN',
26 verbose headers   'x-cache': 'MISS',
26 verbose headers   'x-cache-hits': '0',
26 verbose headers   'x-timer': 'S1484593802.974507,VS0,VE47',
26 verbose headers   vary: 'Accept-Encoding' }
27 silly get cb [ 200,
27 silly get   { server: 'nginx/1.10.1',
27 silly get     'content-type': 'application/json',
27 silly get     'last-modified': 'Sat, 17 Dec 2016 12:56:30 GMT',
27 silly get     etag: 'W/"585535fe-78a3"',
27 silly get     'content-encoding': 'gzip',
27 silly get     'cache-control': 'max-age=300',
27 silly get     'transfer-encoding': 'chunked',
27 silly get     'accept-ranges': 'bytes',
27 silly get     date: 'Mon, 16 Jan 2017 19:10:03 GMT',
27 silly get     via: '1.1 varnish',
27 silly get     connection: 'keep-alive',
27 silly get     'x-served-by': 'cache-hhn1524-HHN',
27 silly get     'x-cache': 'MISS',
27 silly get     'x-cache-hits': '0',
27 silly get     'x-timer': 'S1484593802.974507,VS0,VE47',
27 silly get     vary: 'Accept-Encoding' } ]
28 verbose get saving uglifyjs to /home/andi/.npm/registry.npmjs.org/uglifyjs/.cache.json
29 verbose correctMkdir /home/andi/.npm correctMkdir not in flight; initializing
30 silly addNameTag next cb for uglifyjs with tag latest
31 silly addNamed uglifyjs@2.4.10
32 verbose addNamed "2.4.10" is a plain semver version for uglifyjs
33 silly mapToRegistry name uglifyjs
34 silly mapToRegistry using default registry
35 silly mapToRegistry registry https://registry.npmjs.org/
36 silly mapToRegistry data Result {
36 silly mapToRegistry   raw: 'uglifyjs',
36 silly mapToRegistry   scope: null,
36 silly mapToRegistry   name: 'uglifyjs',
36 silly mapToRegistry   rawSpec: '',
36 silly mapToRegistry   spec: 'latest',
36 silly mapToRegistry   type: 'tag' }
37 silly mapToRegistry uri https://registry.npmjs.org/uglifyjs
38 verbose addRemoteTarball https://registry.npmjs.org/uglifyjs/-/uglifyjs-2.4.10.tgz not in flight; adding
39 verbose addRemoteTarball [ 'https://registry.npmjs.org/uglifyjs/-/uglifyjs-2.4.10.tgz',
39 verbose addRemoteTarball   '632927319fa6a3da3fc91f9773ac27bfe6c3ee92' ]
40 info retry fetch attempt 1 at 7:10:03 PM
41 info attempt registry request try #1 at 7:10:03 PM
42 http fetch GET https://registry.npmjs.org/uglifyjs/-/uglifyjs-2.4.10.tgz
43 verbose request using bearer token for auth
44 http fetch 200 https://registry.npmjs.org/uglifyjs/-/uglifyjs-2.4.10.tgz
45 silly fetchAndShaCheck shasum 632927319fa6a3da3fc91f9773ac27bfe6c3ee92
46 verbose addTmpTarball /tmp/npm-28427-c2eadc21/registry.npmjs.org/uglifyjs/-/uglifyjs-2.4.10.tgz not in flight; adding
47 verbose addTmpTarball already have metadata; skipping unpack for uglifyjs@2.4.10
48 verbose correctMkdir /home/andi/.npm correctMkdir not in flight; initializing
49 silly cache afterAdd uglifyjs@2.4.10
50 verbose afterAdd /home/andi/.npm/uglifyjs/2.4.10/package/package.json not in flight; writing
51 verbose correctMkdir /home/andi/.npm correctMkdir not in flight; initializing
52 verbose afterAdd /home/andi/.npm/uglifyjs/2.4.10/package/package.json written
53 silly install resolved [ { name: 'uglifyjs',
53 silly install resolved     description: 'JavaScript parser, mangler/compressor and beautifier toolkit',
53 silly install resolved     homepage: 'http://lisperator.net/uglifyjs',
53 silly install resolved     main: 'tools/node.js',
53 silly install resolved     version: '2.4.10',
53 silly install resolved     engines: { node: '>=0.4.0' },
53 silly install resolved     maintainers: [ [Object] ],
53 silly install resolved     repository: { type: 'git', url: 'https://github.com/mishoo/UglifyJS2.git' },
53 silly install resolved     dependencies:
53 silly install resolved      { async: '~0.2.6',
53 silly install resolved        'source-map': '0.1.34',
53 silly install resolved        yargs: '~1.3.3',
53 silly install resolved        'uglify-to-browserify': '~1.0.0' },
53 silly install resolved     devDependencies:
53 silly install resolved      { acorn: '~0.6.0',
53 silly install resolved        escodegen: '~1.3.3',
53 silly install resolved        esfuzz: '~0.3.1',
53 silly install resolved        estraverse: '~1.5.1' },
53 silly install resolved     browserify: { transform: [Object] },
53 silly install resolved     bin: { uglifyjs: 'bin/uglifyjs' },
53 silly install resolved     license: 'BSD',
53 silly install resolved     scripts: { test: 'node test/run-tests.js' },
53 silly install resolved     gitHead: '9de7199b88edb37753a36a9688d34a4be801f41b',
53 silly install resolved     bugs: { url: 'https://github.com/mishoo/UglifyJS2/issues' },
53 silly install resolved     _id: 'uglifyjs@2.4.10',
53 silly install resolved     _shasum: '632927319fa6a3da3fc91f9773ac27bfe6c3ee92',
53 silly install resolved     _from: 'uglifyjs@latest',
53 silly install resolved     _npmVersion: '2.5.1',
53 silly install resolved     _nodeVersion: '0.12.0',
53 silly install resolved     _npmUser: { name: 'mytry', email: 'mytry@126.com' },
53 silly install resolved     dist:
53 silly install resolved      { shasum: '632927319fa6a3da3fc91f9773ac27bfe6c3ee92',
53 silly install resolved        tarball: 'https://registry.npmjs.org/uglifyjs/-/uglifyjs-2.4.10.tgz' },
53 silly install resolved     directories: {},
53 silly install resolved     _resolved: 'https://registry.npmjs.org/uglifyjs/-/uglifyjs-2.4.10.tgz' } ]
54 info install uglifyjs@2.4.10 into /usr/lib
55 info installOne uglifyjs@2.4.10
56 verbose installOne of uglifyjs to /usr/lib not in flight; installing
57 verbose correctMkdir /home/andi/.npm/_locks correctMkdir not in flight; initializing
58 verbose lock using /home/andi/.npm/_locks/uglifyjs-5b9a476f09ace3af.lock for /usr/lib/node_modules/uglifyjs
59 silly install write writing uglifyjs 2.4.10 to /usr/lib/node_modules/uglifyjs
60 verbose unbuild lib/node_modules/uglifyjs
61 info preuninstall uglifyjs@2.4.10
62 info uninstall uglifyjs@2.4.10
63 verbose unbuild rmStuff uglifyjs@2.4.10 from /usr/lib/node_modules
64 silly gentlyRm /usr/bin/uglifyjs is being gently removed
65 silly gentlyRm verifying /usr is an npm working directory
66 silly gentlyRm containing path /usr is under npm's control, in /usr
67 silly gentlyRm deletion target /usr/bin/uglifyjs is under /usr
68 verbose gentlyRm vacuuming from /usr/bin/uglifyjs up to /usr
69 silly vacuum-fs removing /usr/bin/uglifyjs
70 verbose unlock done using /home/andi/.npm/_locks/uglifyjs-5b9a476f09ace3af.lock for /usr/lib/node_modules/uglifyjs
71 verbose stack Error: EACCES: permission denied, unlink '/usr/bin/uglifyjs'
71 verbose stack     at Error (native)
72 verbose cwd /home/andi/Development/Wordpress/Cryptex/src
73 error Linux 3.16.0-4-amd64
74 error argv "/usr/bin/nodejs" "/usr/bin/npm" "install" "uglifyjs" "--global"
75 error node v4.7.2
76 error npm  v2.15.11
77 error path /usr/bin/uglifyjs
78 error code EACCES
79 error errno -13
80 error syscall unlink
81 error Error: EACCES: permission denied, unlink '/usr/bin/uglifyjs'
81 error     at Error (native)
81 error  { [Error: EACCES: permission denied, unlink '/usr/bin/uglifyjs']
81 error   errno: -13,
81 error   code: 'EACCES',
81 error   syscall: 'unlink',
81 error   path: '/usr/bin/uglifyjs' }
82 error Please try running this command again as root/Administrator.
83 verbose exit [ -13, true ]
84 verbose unbuild lib/node_modules/uglifyjs
85 info preuninstall uglifyjs@2.4.10
86 info uninstall uglifyjs@2.4.10
87 verbose unbuild rmStuff uglifyjs@2.4.10 from /usr/lib/node_modules
88 silly gentlyRm /usr/bin/uglifyjs is being gently removed
89 silly gentlyRm verifying /usr is an npm working directory
90 silly gentlyRm containing path /usr is under npm's control, in /usr
91 silly gentlyRm deletion target /usr/bin/uglifyjs is under /usr
92 verbose gentlyRm vacuuming from /usr/bin/uglifyjs up to /usr
93 silly vacuum-fs removing /usr/bin/uglifyjs
94 error error rolling back Error: EACCES: permission denied, unlink '/usr/bin/uglifyjs'
94 error error rolling back     at Error (native)
94 error error rolling back  { [Error: EACCES: permission denied, unlink '/usr/bin/uglifyjs']
94 error error rolling back   errno: -13,
94 error error rolling back   code: 'EACCES',
94 error error rolling back   syscall: 'unlink',
94 error error rolling back   path: '/usr/bin/uglifyjs' }
